<?xml version="1.0" encoding="UTF-8"?>
<!-- Generated by org.testng.reporters.JUnitReportReporter -->
<testsuite hostname="LAPTOP-89J8GLLP" failures="0" tests="4" name="api.test.UserTests" time="11.711" errors="0" timestamp="2024-10-03T21:29:22 IST" skipped="0">
  <testcase classname="api.test.UserTests" name="CreateUserTest" time="3.517"/>
  <testcase classname="api.test.UserTests" name="GetUserTest_ByName" time="1.776"/>
  <testcase classname="api.test.UserTests" name="UpdateUserTest_ByName" time="3.257"/>
  <testcase classname="api.test.UserTests" name="DeleteUserTest_ByName" time="3.161"/>
</testsuite> <!-- api.test.UserTests -->
