<?xml version="1.0" encoding="UTF-8"?>
<!-- Generated by org.testng.reporters.JUnitReportReporter -->
<testsuite hostname="LAPTOP-89J8GLLP" failures="0" tests="8" name="api.test.DataDrivenTests" time="10.378" errors="0" timestamp="2025-04-23T22:27:55 IST" skipped="0">
  <testcase classname="api.test.DataDrivenTests" name="CreateUserTest" time="1.287"/>
  <testcase classname="api.test.DataDrivenTests" name="CreateUserTest" time="1.254"/>
  <testcase classname="api.test.DataDrivenTests" name="CreateUserTest" time="1.272"/>
  <testcase classname="api.test.DataDrivenTests" name="CreateUserTest" time="1.289"/>
  <testcase classname="api.test.DataDrivenTests" name="DeleteUserTestByNames" time="1.343"/>
  <testcase classname="api.test.DataDrivenTests" name="DeleteUserTestByNames" time="1.302"/>
  <testcase classname="api.test.DataDrivenTests" name="DeleteUserTestByNames" time="1.388"/>
  <testcase classname="api.test.DataDrivenTests" name="DeleteUserTestByNames" time="1.243"/>
</testsuite> <!-- api.test.DataDrivenTests -->
