<?xml version="1.0" encoding="UTF-8"?>
<!-- Generated by org.testng.reporters.JUnitReportReporter -->
<testsuite hostname="LAPTOP-89J8GLLP" failures="0" tests="8" name="api.test.DataDrivenTests" time="13.980" errors="0" timestamp="2024-10-03T21:29:22 IST" skipped="0">
  <testcase classname="api.test.DataDrivenTests" name="CreateUserTest" time="1.770"/>
  <testcase classname="api.test.DataDrivenTests" name="CreateUserTest" time="1.709"/>
  <testcase classname="api.test.DataDrivenTests" name="CreateUserTest" time="1.725"/>
  <testcase classname="api.test.DataDrivenTests" name="CreateUserTest" time="2.035"/>
  <testcase classname="api.test.DataDrivenTests" name="DeleteUserTestByNames" time="1.717"/>
  <testcase classname="api.test.DataDrivenTests" name="DeleteUserTestByNames" time="1.765"/>
  <testcase classname="api.test.DataDrivenTests" name="DeleteUserTestByNames" time="1.628"/>
  <testcase classname="api.test.DataDrivenTests" name="DeleteUserTestByNames" time="1.631"/>
</testsuite> <!-- api.test.DataDrivenTests -->
