<?xml version="1.0" encoding="UTF-8"?>
<!-- Generated by org.testng.reporters.JUnitReportReporter -->
<testsuite hostname="LAPTOP-89J8GLLP" failures="0" tests="8" name="api.test.DataDrivenTests" time="12.997" errors="0" timestamp="2025-02-19T21:52:16 IST" skipped="0">
  <testcase classname="api.test.DataDrivenTests" name="CreateUserTest" time="1.408"/>
  <testcase classname="api.test.DataDrivenTests" name="CreateUserTest" time="1.436"/>
  <testcase classname="api.test.DataDrivenTests" name="CreateUserTest" time="1.459"/>
  <testcase classname="api.test.DataDrivenTests" name="CreateUserTest" time="3.048"/>
  <testcase classname="api.test.DataDrivenTests" name="DeleteUserTestByNames" time="1.479"/>
  <testcase classname="api.test.DataDrivenTests" name="DeleteUserTestByNames" time="1.303"/>
  <testcase classname="api.test.DataDrivenTests" name="DeleteUserTestByNames" time="1.397"/>
  <testcase classname="api.test.DataDrivenTests" name="DeleteUserTestByNames" time="1.467"/>
</testsuite> <!-- api.test.DataDrivenTests -->
