<?xml version="1.0" encoding="UTF-8"?>
<!-- Generated by org.testng.reporters.JUnitReportReporter -->
<testsuite hostname="LAPTOP-89J8GLLP" failures="0" tests="8" name="api.test.DataDrivenTests" time="25.147" errors="0" timestamp="2024-10-03T21:57:58 IST" skipped="0">
  <testcase classname="api.test.DataDrivenTests" name="CreateUserTest" time="4.544"/>
  <testcase classname="api.test.DataDrivenTests" name="CreateUserTest" time="3.282"/>
  <testcase classname="api.test.DataDrivenTests" name="CreateUserTest" time="2.087"/>
  <testcase classname="api.test.DataDrivenTests" name="CreateUserTest" time="1.689"/>
  <testcase classname="api.test.DataDrivenTests" name="DeleteUserTestByNames" time="3.705"/>
  <testcase classname="api.test.DataDrivenTests" name="DeleteUserTestByNames" time="2.460"/>
  <testcase classname="api.test.DataDrivenTests" name="DeleteUserTestByNames" time="5.311"/>
  <testcase classname="api.test.DataDrivenTests" name="DeleteUserTestByNames" time="2.069"/>
</testsuite> <!-- api.test.DataDrivenTests -->
