<?xml version="1.0" encoding="UTF-8"?>
<!-- Generated by org.testng.reporters.JUnitReportReporter -->
<testsuite hostname="LAPTOP-89J8GLLP" failures="0" tests="4" name="api.test.UserTests" time="20.276" errors="0" timestamp="2024-10-03T21:57:58 IST" skipped="0">
  <testcase classname="api.test.UserTests" name="CreateUserTest" time="2.235"/>
  <testcase classname="api.test.UserTests" name="GetUserTest_ByName" time="4.122"/>
  <testcase classname="api.test.UserTests" name="UpdateUserTest_ByName" time="10.335"/>
  <testcase classname="api.test.UserTests" name="DeleteUserTest_ByName" time="3.584"/>
</testsuite> <!-- api.test.UserTests -->
