<?xml version="1.0" encoding="UTF-8"?>
<!-- Generated by org.testng.reporters.JUnitReportReporter -->
<testsuite hostname="LAPTOP-89J8GLLP" failures="0" tests="4" name="api.test.UserTests" time="7.198" errors="0" timestamp="2025-02-19T21:52:16 IST" skipped="0">
  <testcase classname="api.test.UserTests" name="CreateUserTest" time="1.471"/>
  <testcase classname="api.test.UserTests" name="GetUserTest_ByName" time="1.404"/>
  <testcase classname="api.test.UserTests" name="UpdateUserTest_ByName" time="2.934"/>
  <testcase classname="api.test.UserTests" name="DeleteUserTest_ByName" time="1.389"/>
</testsuite> <!-- api.test.UserTests -->
